<?xml version="1.0" encoding="UTF-8"?>
<!-- Generated by org.testng.reporters.JUnitReportReporter -->
<testsuite hostname="jsteve-lt2.corp.coupons.com" failures="0" tests="1" name="Booking.ticketBookingUnifiedAirlines" time="19.656" errors="0" timestamp="2020-05-12T19:53:21 IST" skipped="0">
  <testcase classname="Booking.ticketBookingUnifiedAirlines" name="basePageNavigation" time="19.656"/>
</testsuite> <!-- Booking.ticketBookingUnifiedAirlines -->
